This file contains any messages produced by compilers while
running configure, to aid debugging if configure makes a mistake.

It was created by configure, which was
generated by GNU Autoconf 2.59.  Invocation command line was

  $ ./configure --enable-maintainer-mode

## --------- ##
## Platform. ##
## --------- ##

hostname = friend
uname -m = i686
uname -r = 2.6.12.2
uname -s = Linux
uname -v = #17 Sat Jul 2 10:59:57 IST 2005

/usr/bin/uname -p = unknown
/bin/uname -X     = unknown

/bin/arch              = i686
/usr/bin/arch -k       = unknown
/usr/convex/getsysinfo = unknown
hostinfo               = unknown
/bin/machine           = unknown
/usr/bin/oslevel       = unknown
/bin/universe          = unknown

PATH: /usr/local/bin
PATH: /usr/bin
PATH: /bin
PATH: /usr/bin/X11
PATH: /usr/games


## ----------- ##
## Core tests. ##
## ----------- ##

configure:1553: checking for a BSD-compatible install
configure:1608: result: /usr/bin/install -c
configure:1619: checking whether build environment is sane
configure:1662: result: yes
configure:1677: checking whether make sets $(MAKE)
configure:1697: result: yes
configure:1729: checking for working aclocal-1.4
configure:1736: result: found
configure:1744: checking for working autoconf
configure:1751: result: found
configure:1759: checking for working automake-1.4
configure:1766: result: found
configure:1774: checking for working autoheader
configure:1781: result: found
configure:1789: checking for working makeinfo
configure:1796: result: found
configure:1810: checking whether to enable maintainer-specific portions of Makefiles
configure:1819: result: yes
configure:1880: checking for gcc
configure:1896: found /usr/bin/gcc
configure:1906: result: gcc
configure:2150: checking for C compiler version
configure:2153: gcc --version </dev/null >&5
gcc (GCC) 4.0.1 20050701 (prerelease) (Debian 4.0.0-12)
Copyright (C) 2005 Free Software Foundation, Inc.
This is free software; see the source for copying conditions.  There is NO
warranty; not even for MERCHANTABILITY or FITNESS FOR A PARTICULAR PURPOSE.

configure:2156: $? = 0
configure:2158: gcc -v </dev/null >&5
Using built-in specs.
Target: i486-linux-gnu
Configured with: ../src/configure -v --enable-languages=c,c++,java,f95,objc,ada,treelang --prefix=/usr --enable-shared --with-system-zlib --libexecdir=/usr/lib --enable-nls --without-included-gettext --enable-threads=posix --program-suffix=-4.0 --enable-__cxa_atexit --enable-libstdcxx-allocator=mt --enable-clocale=gnu --enable-libstdcxx-debug --enable-java-gc=boehm --enable-java-awt=gtk --with-java-home=/usr/lib/jvm/java-1.4.2-gcj-4.0-1.4.2.0/jre --enable-mpfr --disable-werror --enable-checking=release i486-linux-gnu
Thread model: posix
gcc version 4.0.1 20050701 (prerelease) (Debian 4.0.0-12)
configure:2161: $? = 0
configure:2163: gcc -V </dev/null >&5
gcc: '-V' option must have argument
configure:2166: $? = 1
configure:2189: checking for C compiler default output file name
configure:2192: gcc    conftest.c  >&5
configure:2195: $? = 0
configure:2241: result: a.out
configure:2246: checking whether the C compiler works
configure:2252: ./a.out
configure:2255: $? = 0
configure:2272: result: yes
configure:2279: checking whether we are cross compiling
configure:2281: result: no
configure:2284: checking for suffix of executables
configure:2286: gcc -o conftest    conftest.c  >&5
configure:2289: $? = 0
configure:2314: result: 
configure:2320: checking for suffix of object files
configure:2341: gcc -c   conftest.c >&5
configure:2344: $? = 0
configure:2366: result: o
configure:2370: checking whether we are using the GNU C compiler
configure:2394: gcc -c   conftest.c >&5
configure:2400: $? = 0
configure:2403: test -z 			 || test ! -s conftest.err
configure:2406: $? = 0
configure:2409: test -s conftest.o
configure:2412: $? = 0
configure:2425: result: yes
configure:2431: checking whether gcc accepts -g
configure:2452: gcc -c -g  conftest.c >&5
configure:2458: $? = 0
configure:2461: test -z 			 || test ! -s conftest.err
configure:2464: $? = 0
configure:2467: test -s conftest.o
configure:2470: $? = 0
configure:2481: result: yes
configure:2498: checking for gcc option to accept ANSI C
configure:2568: gcc  -c -g -O2  conftest.c >&5
configure:2574: $? = 0
configure:2577: test -z 			 || test ! -s conftest.err
configure:2580: $? = 0
configure:2583: test -s conftest.o
configure:2586: $? = 0
configure:2604: result: none needed
configure:2622: gcc -c -g -O2  conftest.c >&5
conftest.c:2: error: syntax error before 'me'
configure:2628: $? = 1
configure: failed program was:
| #ifndef __cplusplus
|   choke me
| #endif
configure:2760: checking for strerror in -lcposix
configure:2790: gcc -o conftest -g -O2   conftest.c -lcposix   >&5
/usr/bin/ld: cannot find -lcposix
collect2: ld returned 1 exit status
configure:2796: $? = 1
configure: failed program was:
| /* confdefs.h.  */
| 
| #define PACKAGE_NAME ""
| #define PACKAGE_TARNAME ""
| #define PACKAGE_VERSION ""
| #define PACKAGE_STRING ""
| #define PACKAGE_BUGREPORT ""
| #define PACKAGE "Flysquid"
| #define VERSION "0.1"
| /* end confdefs.h.  */
| 
| /* Override any gcc2 internal prototype to avoid an error.  */
| #ifdef __cplusplus
| extern "C"
| #endif
| /* We use char because int might match the return type of a gcc2
|    builtin and then its argument prototype would still apply.  */
| char strerror ();
| int
| main ()
| {
| strerror ();
|   ;
|   return 0;
| }
configure:2821: result: no
configure:2875: checking for gcc
configure:2901: result: gcc
configure:3145: checking for C compiler version
configure:3148: gcc --version </dev/null >&5
gcc (GCC) 4.0.1 20050701 (prerelease) (Debian 4.0.0-12)
Copyright (C) 2005 Free Software Foundation, Inc.
This is free software; see the source for copying conditions.  There is NO
warranty; not even for MERCHANTABILITY or FITNESS FOR A PARTICULAR PURPOSE.

configure:3151: $? = 0
configure:3153: gcc -v </dev/null >&5
Using built-in specs.
Target: i486-linux-gnu
Configured with: ../src/configure -v --enable-languages=c,c++,java,f95,objc,ada,treelang --prefix=/usr --enable-shared --with-system-zlib --libexecdir=/usr/lib --enable-nls --without-included-gettext --enable-threads=posix --program-suffix=-4.0 --enable-__cxa_atexit --enable-libstdcxx-allocator=mt --enable-clocale=gnu --enable-libstdcxx-debug --enable-java-gc=boehm --enable-java-awt=gtk --with-java-home=/usr/lib/jvm/java-1.4.2-gcj-4.0-1.4.2.0/jre --enable-mpfr --disable-werror --enable-checking=release i486-linux-gnu
Thread model: posix
gcc version 4.0.1 20050701 (prerelease) (Debian 4.0.0-12)
configure:3156: $? = 0
configure:3158: gcc -V </dev/null >&5
gcc: '-V' option must have argument
configure:3161: $? = 1
configure:3164: checking whether we are using the GNU C compiler
configure:3219: result: yes
configure:3225: checking whether gcc accepts -g
configure:3275: result: yes
configure:3292: checking for gcc option to accept ANSI C
configure:3398: result: none needed
configure:3416: gcc -c -g -O2  conftest.c >&5
conftest.c:2: error: syntax error before 'me'
configure:3422: $? = 1
configure: failed program was:
| #ifndef __cplusplus
|   choke me
| #endif
configure:3555: checking for gcc option to accept ANSI C
configure:3617: gcc  -c -g -O2  conftest.c >&5
configure:3623: $? = 0
configure:3626: test -z 			 || test ! -s conftest.err
configure:3629: $? = 0
configure:3632: test -s conftest.o
configure:3635: $? = 0
configure:3650: result: none needed
configure:3666: checking how to run the C preprocessor
configure:3701: gcc -E  conftest.c
configure:3707: $? = 0
configure:3739: gcc -E  conftest.c
conftest.c:11:28: error: ac_nonexistent.h: No such file or directory
configure:3745: $? = 1
configure: failed program was:
| /* confdefs.h.  */
| 
| #define PACKAGE_NAME ""
| #define PACKAGE_TARNAME ""
| #define PACKAGE_VERSION ""
| #define PACKAGE_STRING ""
| #define PACKAGE_BUGREPORT ""
| #define PACKAGE "Flysquid"
| #define VERSION "0.1"
| /* end confdefs.h.  */
| #include <ac_nonexistent.h>
configure:3784: result: gcc -E
configure:3808: gcc -E  conftest.c
configure:3814: $? = 0
configure:3846: gcc -E  conftest.c
conftest.c:11:28: error: ac_nonexistent.h: No such file or directory
configure:3852: $? = 1
configure: failed program was:
| /* confdefs.h.  */
| 
| #define PACKAGE_NAME ""
| #define PACKAGE_TARNAME ""
| #define PACKAGE_VERSION ""
| #define PACKAGE_STRING ""
| #define PACKAGE_BUGREPORT ""
| #define PACKAGE "Flysquid"
| #define VERSION "0.1"
| /* end confdefs.h.  */
| #include <ac_nonexistent.h>
configure:3896: checking for egrep
configure:3906: result: grep -E
configure:3911: checking for ANSI C header files
configure:3936: gcc -c -g -O2  conftest.c >&5
configure:3942: $? = 0
configure:3945: test -z 			 || test ! -s conftest.err
configure:3948: $? = 0
configure:3951: test -s conftest.o
configure:3954: $? = 0
configure:4043: gcc -o conftest -g -O2   conftest.c  >&5
conftest.c: In function 'main':
conftest.c:28: warning: incompatible implicit declaration of built-in function 'exit'
configure:4046: $? = 0
configure:4048: ./conftest
configure:4051: $? = 0
configure:4066: result: yes
configure:4100: checking for sys/types.h
configure:4116: gcc -c -g -O2  conftest.c >&5
configure:4122: $? = 0
configure:4125: test -z 			 || test ! -s conftest.err
configure:4128: $? = 0
configure:4131: test -s conftest.o
configure:4134: $? = 0
configure:4145: result: yes
configure:4100: checking for sys/stat.h
configure:4116: gcc -c -g -O2  conftest.c >&5
configure:4122: $? = 0
configure:4125: test -z 			 || test ! -s conftest.err
configure:4128: $? = 0
configure:4131: test -s conftest.o
configure:4134: $? = 0
configure:4145: result: yes
configure:4100: checking for stdlib.h
configure:4116: gcc -c -g -O2  conftest.c >&5
configure:4122: $? = 0
configure:4125: test -z 			 || test ! -s conftest.err
configure:4128: $? = 0
configure:4131: test -s conftest.o
configure:4134: $? = 0
configure:4145: result: yes
configure:4100: checking for string.h
configure:4116: gcc -c -g -O2  conftest.c >&5
configure:4122: $? = 0
configure:4125: test -z 			 || test ! -s conftest.err
configure:4128: $? = 0
configure:4131: test -s conftest.o
configure:4134: $? = 0
configure:4145: result: yes
configure:4100: checking for memory.h
configure:4116: gcc -c -g -O2  conftest.c >&5
configure:4122: $? = 0
configure:4125: test -z 			 || test ! -s conftest.err
configure:4128: $? = 0
configure:4131: test -s conftest.o
configure:4134: $? = 0
configure:4145: result: yes
configure:4100: checking for strings.h
configure:4116: gcc -c -g -O2  conftest.c >&5
configure:4122: $? = 0
configure:4125: test -z 			 || test ! -s conftest.err
configure:4128: $? = 0
configure:4131: test -s conftest.o
configure:4134: $? = 0
configure:4145: result: yes
configure:4100: checking for inttypes.h
configure:4116: gcc -c -g -O2  conftest.c >&5
configure:4122: $? = 0
configure:4125: test -z 			 || test ! -s conftest.err
configure:4128: $? = 0
configure:4131: test -s conftest.o
configure:4134: $? = 0
configure:4145: result: yes
configure:4100: checking for stdint.h
configure:4116: gcc -c -g -O2  conftest.c >&5
configure:4122: $? = 0
configure:4125: test -z 			 || test ! -s conftest.err
configure:4128: $? = 0
configure:4131: test -s conftest.o
configure:4134: $? = 0
configure:4145: result: yes
configure:4100: checking for unistd.h
configure:4116: gcc -c -g -O2  conftest.c >&5
configure:4122: $? = 0
configure:4125: test -z 			 || test ! -s conftest.err
configure:4128: $? = 0
configure:4131: test -s conftest.o
configure:4134: $? = 0
configure:4145: result: yes
configure:4172: checking locale.h usability
configure:4184: gcc -c -g -O2  conftest.c >&5
configure:4190: $? = 0
configure:4193: test -z 			 || test ! -s conftest.err
configure:4196: $? = 0
configure:4199: test -s conftest.o
configure:4202: $? = 0
configure:4212: result: yes
configure:4216: checking locale.h presence
configure:4226: gcc -E  conftest.c
configure:4232: $? = 0
configure:4252: result: yes
configure:4287: checking for locale.h
configure:4294: result: yes
configure:4308: checking for LC_MESSAGES
configure:4329: gcc -o conftest -g -O2   conftest.c  >&5
configure:4335: $? = 0
configure:4338: test -z 			 || test ! -s conftest.err
configure:4341: $? = 0
configure:4344: test -s conftest
configure:4347: $? = 0
configure:4359: result: yes
configure:4388: checking libintl.h usability
configure:4400: gcc -c -g -O2  conftest.c >&5
configure:4406: $? = 0
configure:4409: test -z 			 || test ! -s conftest.err
configure:4412: $? = 0
configure:4415: test -s conftest.o
configure:4418: $? = 0
configure:4428: result: yes
configure:4432: checking libintl.h presence
configure:4442: gcc -E  conftest.c
configure:4448: $? = 0
configure:4468: result: yes
configure:4503: checking for libintl.h
configure:4510: result: yes
configure:4521: checking for ngettext in libc
configure:4544: gcc -o conftest -g -O2   conftest.c  >&5
configure:4550: $? = 0
configure:4553: test -z 			 || test ! -s conftest.err
configure:4556: $? = 0
configure:4559: test -s conftest
configure:4562: $? = 0
configure:4575: result: yes
configure:4579: checking for dgettext in libc
configure:4602: gcc -o conftest -g -O2   conftest.c  >&5
configure:4608: $? = 0
configure:4611: test -z 			 || test ! -s conftest.err
configure:4614: $? = 0
configure:4617: test -s conftest
configure:4620: $? = 0
configure:4633: result: yes
configure:4642: checking for bind_textdomain_codeset
configure:4699: gcc -o conftest -g -O2   conftest.c  >&5
configure:4705: $? = 0
configure:4708: test -z 			 || test ! -s conftest.err
configure:4711: $? = 0
configure:4714: test -s conftest
configure:4717: $? = 0
configure:4729: result: yes
configure:5233: checking for msgfmt
configure:5260: result: /usr/bin/msgfmt
configure:5273: checking for dcgettext
configure:5330: gcc -o conftest -g -O2   conftest.c   >&5
conftest.c:50: warning: conflicting types for built-in function 'dcgettext'
configure:5336: $? = 0
configure:5339: test -z 			 || test ! -s conftest.err
configure:5342: $? = 0
configure:5345: test -s conftest
configure:5348: $? = 0
configure:5360: result: yes
configure:5372: checking for gmsgfmt
configure:5403: result: /usr/bin/msgfmt
configure:5412: checking for xgettext
configure:5439: result: /usr/bin/xgettext
configure:5463: gcc -o conftest -g -O2   conftest.c   >&5
configure:5469: $? = 0
configure:5472: test -z 			 || test ! -s conftest.err
configure:5475: $? = 0
configure:5478: test -s conftest
configure:5481: $? = 0
configure:5789: checking build system type
configure:5807: result: i686-pc-linux-gnu
configure:5815: checking host system type
configure:5829: result: i686-pc-linux-gnu
configure:5837: checking for a sed that does not truncate output
configure:5891: result: /bin/sed
configure:5905: checking for ld used by gcc
configure:5972: result: /usr/bin/ld
configure:5981: checking if the linker (/usr/bin/ld) is GNU ld
configure:5996: result: yes
configure:6001: checking for /usr/bin/ld option to reload object files
configure:6008: result: -r
configure:6017: checking for BSD-compatible nm
configure:6059: result: /usr/bin/nm -B
configure:6063: checking whether ln -s works
configure:6067: result: yes
configure:6074: checking how to recognise dependent libraries
configure:6248: result: pass_all
configure:6469: checking dlfcn.h usability
configure:6481: gcc -c -g -O2  conftest.c >&5
configure:6487: $? = 0
configure:6490: test -z 			 || test ! -s conftest.err
configure:6493: $? = 0
configure:6496: test -s conftest.o
configure:6499: $? = 0
configure:6509: result: yes
configure:6513: checking dlfcn.h presence
configure:6523: gcc -E  conftest.c
configure:6529: $? = 0
configure:6549: result: yes
configure:6584: checking for dlfcn.h
configure:6591: result: yes
configure:6656: checking for g++
configure:6672: found /usr/bin/g++
configure:6682: result: g++
configure:6698: checking for C++ compiler version
configure:6701: g++ --version </dev/null >&5
g++ (GCC) 4.0.1 20050701 (prerelease) (Debian 4.0.0-12)
Copyright (C) 2005 Free Software Foundation, Inc.
This is free software; see the source for copying conditions.  There is NO
warranty; not even for MERCHANTABILITY or FITNESS FOR A PARTICULAR PURPOSE.

configure:6704: $? = 0
configure:6706: g++ -v </dev/null >&5
Using built-in specs.
Target: i486-linux-gnu
Configured with: ../src/configure -v --enable-languages=c,c++,java,f95,objc,ada,treelang --prefix=/usr --enable-shared --with-system-zlib --libexecdir=/usr/lib --enable-nls --without-included-gettext --enable-threads=posix --program-suffix=-4.0 --enable-__cxa_atexit --enable-libstdcxx-allocator=mt --enable-clocale=gnu --enable-libstdcxx-debug --enable-java-gc=boehm --enable-java-awt=gtk --with-java-home=/usr/lib/jvm/java-1.4.2-gcj-4.0-1.4.2.0/jre --enable-mpfr --disable-werror --enable-checking=release i486-linux-gnu
Thread model: posix
gcc version 4.0.1 20050701 (prerelease) (Debian 4.0.0-12)
configure:6709: $? = 0
configure:6711: g++ -V </dev/null >&5
g++: '-V' option must have argument
configure:6714: $? = 1
configure:6717: checking whether we are using the GNU C++ compiler
configure:6741: g++ -c   conftest.cc >&5
configure:6747: $? = 0
configure:6750: test -z 			 || test ! -s conftest.err
configure:6753: $? = 0
configure:6756: test -s conftest.o
configure:6759: $? = 0
configure:6772: result: yes
configure:6778: checking whether g++ accepts -g
configure:6799: g++ -c -g  conftest.cc >&5
configure:6805: $? = 0
configure:6808: test -z 			 || test ! -s conftest.err
configure:6811: $? = 0
configure:6814: test -s conftest.o
configure:6817: $? = 0
configure:6828: result: yes
configure:6870: g++ -c -g -O2  conftest.cc >&5
configure:6876: $? = 0
configure:6879: test -z 			 || test ! -s conftest.err
configure:6882: $? = 0
configure:6885: test -s conftest.o
configure:6888: $? = 0
configure:6914: g++ -c -g -O2  conftest.cc >&5
conftest.cc: In function 'int main()':
conftest.cc:33: error: 'exit' was not declared in this scope
configure:6920: $? = 1
configure: failed program was:
| /* confdefs.h.  */
| 
| #define PACKAGE_NAME ""
| #define PACKAGE_TARNAME ""
| #define PACKAGE_VERSION ""
| #define PACKAGE_STRING ""
| #define PACKAGE_BUGREPORT ""
| #define PACKAGE "Flysquid"
| #define VERSION "0.1"
| #define STDC_HEADERS 1
| #define GETTEXT_PACKAGE "Flysquid"
| #define HAVE_SYS_TYPES_H 1
| #define HAVE_SYS_STAT_H 1
| #define HAVE_STDLIB_H 1
| #define HAVE_STRING_H 1
| #define HAVE_MEMORY_H 1
| #define HAVE_STRINGS_H 1
| #define HAVE_INTTYPES_H 1
| #define HAVE_STDINT_H 1
| #define HAVE_UNISTD_H 1
| #define HAVE_LOCALE_H 1
| #define HAVE_LC_MESSAGES 1
| #define HAVE_BIND_TEXTDOMAIN_CODESET 1
| #define HAVE_GETTEXT 1
| #define HAVE_DCGETTEXT 1
| #define ENABLE_NLS 1
| #define HAVE_DLFCN_H 1
| /* end confdefs.h.  */
| 
| int
| main ()
| {
| exit (42);
|   ;
|   return 0;
| }
configure:6870: g++ -c -g -O2  conftest.cc >&5
configure:6876: $? = 0
configure:6879: test -z 			 || test ! -s conftest.err
configure:6882: $? = 0
configure:6885: test -s conftest.o
configure:6888: $? = 0
configure:6914: g++ -c -g -O2  conftest.cc >&5
configure:6920: $? = 0
configure:6923: test -z 			 || test ! -s conftest.err
configure:6926: $? = 0
configure:6929: test -s conftest.o
configure:6932: $? = 0
configure:6960: checking how to run the C++ preprocessor
configure:6991: g++ -E  conftest.cc
configure:6997: $? = 0
configure:7029: g++ -E  conftest.cc
conftest.cc:32:28: error: ac_nonexistent.h: No such file or directory
configure:7035: $? = 1
configure: failed program was:
| /* confdefs.h.  */
| 
| #define PACKAGE_NAME ""
| #define PACKAGE_TARNAME ""
| #define PACKAGE_VERSION ""
| #define PACKAGE_STRING ""
| #define PACKAGE_BUGREPORT ""
| #define PACKAGE "Flysquid"
| #define VERSION "0.1"
| #define STDC_HEADERS 1
| #define GETTEXT_PACKAGE "Flysquid"
| #define HAVE_SYS_TYPES_H 1
| #define HAVE_SYS_STAT_H 1
| #define HAVE_STDLIB_H 1
| #define HAVE_STRING_H 1
| #define HAVE_MEMORY_H 1
| #define HAVE_STRINGS_H 1
| #define HAVE_INTTYPES_H 1
| #define HAVE_STDINT_H 1
| #define HAVE_UNISTD_H 1
| #define HAVE_LOCALE_H 1
| #define HAVE_LC_MESSAGES 1
| #define HAVE_BIND_TEXTDOMAIN_CODESET 1
| #define HAVE_GETTEXT 1
| #define HAVE_DCGETTEXT 1
| #define ENABLE_NLS 1
| #define HAVE_DLFCN_H 1
| #ifdef __cplusplus
| extern "C" void std::exit (int) throw (); using std::exit;
| #endif
| /* end confdefs.h.  */
| #include <ac_nonexistent.h>
configure:7074: result: g++ -E
configure:7098: g++ -E  conftest.cc
configure:7104: $? = 0
configure:7136: g++ -E  conftest.cc
conftest.cc:32:28: error: ac_nonexistent.h: No such file or directory
configure:7142: $? = 1
configure: failed program was:
| /* confdefs.h.  */
| 
| #define PACKAGE_NAME ""
| #define PACKAGE_TARNAME ""
| #define PACKAGE_VERSION ""
| #define PACKAGE_STRING ""
| #define PACKAGE_BUGREPORT ""
| #define PACKAGE "Flysquid"
| #define VERSION "0.1"
| #define STDC_HEADERS 1
| #define GETTEXT_PACKAGE "Flysquid"
| #define HAVE_SYS_TYPES_H 1
| #define HAVE_SYS_STAT_H 1
| #define HAVE_STDLIB_H 1
| #define HAVE_STRING_H 1
| #define HAVE_MEMORY_H 1
| #define HAVE_STRINGS_H 1
| #define HAVE_INTTYPES_H 1
| #define HAVE_STDINT_H 1
| #define HAVE_UNISTD_H 1
| #define HAVE_LOCALE_H 1
| #define HAVE_LC_MESSAGES 1
| #define HAVE_BIND_TEXTDOMAIN_CODESET 1
| #define HAVE_GETTEXT 1
| #define HAVE_DCGETTEXT 1
| #define ENABLE_NLS 1
| #define HAVE_DLFCN_H 1
| #ifdef __cplusplus
| extern "C" void std::exit (int) throw (); using std::exit;
| #endif
| /* end confdefs.h.  */
| #include <ac_nonexistent.h>
configure:7237: checking for g77
configure:7266: result: no
configure:7237: checking for f77
configure:7266: result: no
configure:7237: checking for xlf
configure:7266: result: no
configure:7237: checking for frt
configure:7266: result: no
configure:7237: checking for pgf77
configure:7266: result: no
configure:7237: checking for fort77
configure:7266: result: no
configure:7237: checking for fl32
configure:7266: result: no
configure:7237: checking for af77
configure:7266: result: no
configure:7237: checking for f90
configure:7266: result: no
configure:7237: checking for xlf90
configure:7266: result: no
configure:7237: checking for pgf90
configure:7266: result: no
configure:7237: checking for epcf90
configure:7266: result: no
configure:7237: checking for f95
configure:7266: result: no
configure:7237: checking for fort
configure:7266: result: no
configure:7237: checking for xlf95
configure:7266: result: no
configure:7237: checking for ifc
configure:7266: result: no
configure:7237: checking for efc
configure:7266: result: no
configure:7237: checking for pgf95
configure:7266: result: no
configure:7237: checking for lf95
configure:7266: result: no
configure:7237: checking for gfortran
configure:7266: result: no
configure:7278: checking for Fortran 77 compiler version
configure:7281:  --version </dev/null >&5
./configure: line 7282: --version: command not found
configure:7284: $? = 127
configure:7286:  -v </dev/null >&5
./configure: line 7287: -v: command not found
configure:7289: $? = 127
configure:7291:  -V </dev/null >&5
./configure: line 7292: -V: command not found
configure:7294: $? = 127
configure:7302: checking whether we are using the GNU Fortran 77 compiler
configure:7316:  -c  conftest.F >&5
./configure: line 7317: -c: command not found
configure:7322: $? = 127
configure: failed program was:
|       program main
| #ifndef __GNUC__
|        choke me
| #endif
| 
|       end
configure:7347: result: no
configure:7353: checking whether  accepts -g
configure:7365:  -c -g conftest.f >&5
./configure: line 7366: -c: command not found
configure:7371: $? = 127
configure: failed program was:
|       program main
| 
|       end
configure:7395: result: no
configure:7425: checking the maximum length of command line arguments
configure:7490: result: 32768
configure:7501: checking command to parse /usr/bin/nm -B output from gcc object
configure:7590: gcc -c -g -O2  conftest.c >&5
configure:7593: $? = 0
configure:7597: /usr/bin/nm -B conftest.o \| sed -n -e 's/^.*[ 	]\([ABCDGIRSTW][ABCDGIRSTW]*\)[ 	][ 	]*\(\)\([_A-Za-z][_A-Za-z0-9]*\)$/\1 \2\3 \3/p' \> conftest.nm
configure:7600: $? = 0
configure:7652: gcc -o conftest -g -O2   conftest.c conftstm.o >&5
configure:7655: $? = 0
configure:7693: result: ok
configure:7697: checking for objdir
configure:7712: result: .libs
configure:7802: checking for ar
configure:7818: found /usr/bin/ar
configure:7829: result: ar
configure:7882: checking for ranlib
configure:7898: found /usr/bin/ranlib
configure:7909: result: ranlib
configure:7962: checking for strip
configure:7978: found /usr/bin/strip
configure:7989: result: strip
configure:8251: checking if gcc static flag  works
configure:8274: result: yes
configure:8292: checking if gcc supports -fno-rtti -fno-exceptions
configure:8310: gcc -c -g -O2  -fno-rtti -fno-exceptions conftest.c >&5
cc1: warning: command line option "-fno-rtti" is valid for C++/ObjC++ but not for C
configure:8314: $? = 0
configure:8325: result: no
configure:8340: checking for gcc option to produce PIC
configure:8517: result: -fPIC
configure:8525: checking if gcc PIC flag -fPIC works
configure:8543: gcc -c -g -O2  -fPIC -DPIC conftest.c >&5
configure:8547: $? = 0
configure:8558: result: yes
configure:8582: checking if gcc supports -c -o file.o
configure:8603: gcc -c -g -O2  -o out/conftest2.o conftest.c >&5
configure:8607: $? = 0
configure:8627: result: yes
configure:8653: checking whether the gcc linker (/usr/bin/ld) supports shared libraries
configure:9500: result: yes
configure:9526: checking whether -lc should be explicitly linked in
configure:9531: gcc -c -g -O2  conftest.c >&5
configure:9534: $? = 0
configure:9548: gcc -shared conftest.o  -v -Wl,-soname -Wl,conftest -o conftest 2\>\&1 \| grep  -lc  \>/dev/null 2\>\&1
configure:9551: $? = 0
configure:9563: result: no
configure:9571: checking dynamic linker characteristics
configure:10123: result: GNU/Linux ld.so
configure:10127: checking how to hardcode library paths into programs
configure:10152: result: immediate
configure:10166: checking whether stripping libraries is possible
configure:10171: result: yes
configure:10994: checking if libtool supports shared libraries
configure:10996: result: yes
configure:10999: checking whether to build shared libraries
configure:11057: result: yes
configure:11060: checking whether to build static libraries
configure:11064: result: yes
configure:11156: creating libtool
configure:11703: checking for ld used by g++
configure:11770: result: /usr/bin/ld
configure:11779: checking if the linker (/usr/bin/ld) is GNU ld
configure:11794: result: yes
configure:11845: checking whether the g++ linker (/usr/bin/ld) supports shared libraries
configure:12671: result: yes
configure:12689: g++ -c -g -O2  conftest.cc >&5
configure:12692: $? = 0
configure:12788: checking for g++ option to produce PIC
configure:13040: result: -fPIC
configure:13048: checking if g++ PIC flag -fPIC works
configure:13066: g++ -c -g -O2  -fPIC -DPIC conftest.cc >&5
configure:13070: $? = 0
configure:13081: result: yes
configure:13105: checking if g++ supports -c -o file.o
configure:13126: g++ -c -g -O2  -o out/conftest2.o conftest.cc >&5
configure:13130: $? = 0
configure:13150: result: yes
configure:13176: checking whether the g++ linker (/usr/bin/ld) supports shared libraries
configure:13204: result: yes
configure:13275: checking dynamic linker characteristics
configure:13827: result: GNU/Linux ld.so
configure:13831: checking how to hardcode library paths into programs
configure:13856: result: immediate
configure:13870: checking whether stripping libraries is possible
configure:13875: result: yes
configure:21167: checking for pkg-config
configure:21185: found /usr/bin/pkg-config
configure:21197: result: /usr/bin/pkg-config
configure:21212: checking pkg-config is at least version 0.9.0
configure:21215: result: yes
configure:21226: checking for PACKAGE
configure:21231: $PKG_CONFIG --exists --print-errors "gtk+-2.0 gdk-2.0"
configure:21234: $? = 0
configure:21245: $PKG_CONFIG --exists --print-errors "gtk+-2.0 gdk-2.0"
configure:21248: $? = 0
configure:21484: creating ./config.status

## ---------------------- ##
## Running config.status. ##
## ---------------------- ##

This file was extended by config.status, which was
generated by GNU Autoconf 2.59.  Invocation command line was

  CONFIG_FILES    = 
  CONFIG_HEADERS  = 
  CONFIG_LINKS    = 
  CONFIG_COMMANDS = 
  $ ./config.status 

on friend

config.status:769: creating Makefile
config.status:769: creating po/Makefile.in
config.status:769: creating src/Makefile
config.status:835: creating config.h
config.status:1129: executing default-1 commands
config.status:1129: executing default-2 commands

## ---------------- ##
## Cache variables. ##
## ---------------- ##

ac_cv_build=i686-pc-linux-gnu
ac_cv_build_alias=i686-pc-linux-gnu
ac_cv_c_compiler_gnu=yes
ac_cv_cxx_compiler_gnu=yes
ac_cv_env_CC_set=
ac_cv_env_CC_value=
ac_cv_env_CFLAGS_set=
ac_cv_env_CFLAGS_value=
ac_cv_env_CPPFLAGS_set=
ac_cv_env_CPPFLAGS_value=
ac_cv_env_CPP_set=
ac_cv_env_CPP_value=
ac_cv_env_CXXCPP_set=
ac_cv_env_CXXCPP_value=
ac_cv_env_CXXFLAGS_set=
ac_cv_env_CXXFLAGS_value=
ac_cv_env_CXX_set=
ac_cv_env_CXX_value=
ac_cv_env_F77_set=
ac_cv_env_F77_value=
ac_cv_env_FFLAGS_set=
ac_cv_env_FFLAGS_value=
ac_cv_env_LDFLAGS_set=
ac_cv_env_LDFLAGS_value=
ac_cv_env_PACKAGE_CFLAGS_set=
ac_cv_env_PACKAGE_CFLAGS_value=
ac_cv_env_PACKAGE_LIBS_set=
ac_cv_env_PACKAGE_LIBS_value=
ac_cv_env_PKG_CONFIG_set=
ac_cv_env_PKG_CONFIG_value=
ac_cv_env_build_alias_set=
ac_cv_env_build_alias_value=
ac_cv_env_host_alias_set=
ac_cv_env_host_alias_value=
ac_cv_env_target_alias_set=
ac_cv_env_target_alias_value=
ac_cv_exeext=
ac_cv_f77_compiler_gnu=no
ac_cv_func_bind_textdomain_codeset=yes
ac_cv_func_dcgettext=yes
ac_cv_header_dlfcn_h=yes
ac_cv_header_inttypes_h=yes
ac_cv_header_libintl_h=yes
ac_cv_header_locale_h=yes
ac_cv_header_memory_h=yes
ac_cv_header_stdc=yes
ac_cv_header_stdint_h=yes
ac_cv_header_stdlib_h=yes
ac_cv_header_string_h=yes
ac_cv_header_strings_h=yes
ac_cv_header_sys_stat_h=yes
ac_cv_header_sys_types_h=yes
ac_cv_header_unistd_h=yes
ac_cv_host=i686-pc-linux-gnu
ac_cv_host_alias=i686-pc-linux-gnu
ac_cv_lib_cposix_strerror=no
ac_cv_objext=o
ac_cv_path_GMSGFMT=/usr/bin/msgfmt
ac_cv_path_MSGFMT=/usr/bin/msgfmt
ac_cv_path_XGETTEXT=/usr/bin/xgettext
ac_cv_path_ac_pt_PKG_CONFIG=/usr/bin/pkg-config
ac_cv_path_install='/usr/bin/install -c'
ac_cv_prog_CPP='gcc -E'
ac_cv_prog_CXXCPP='g++ -E'
ac_cv_prog_ac_ct_AR=ar
ac_cv_prog_ac_ct_CC=gcc
ac_cv_prog_ac_ct_CXX=g++
ac_cv_prog_ac_ct_RANLIB=ranlib
ac_cv_prog_ac_ct_STRIP=strip
ac_cv_prog_cc_g=yes
ac_cv_prog_cc_stdc=
ac_cv_prog_cxx_g=yes
ac_cv_prog_egrep='grep -E'
ac_cv_prog_f77_g=no
ac_cv_prog_make_make_set=yes
am_cv_prog_cc_stdc=
am_cv_val_LC_MESSAGES=yes
gt_cv_func_dgettext_libc=yes
gt_cv_func_dgettext_libintl=no
gt_cv_func_ngettext_libc=yes
gt_cv_have_gettext=yes
lt_cv_deplibs_check_method=pass_all
lt_cv_file_magic_cmd='$MAGIC_CMD'
lt_cv_file_magic_test_file=
lt_cv_ld_reload_flag=-r
lt_cv_objdir=.libs
lt_cv_path_LD=/usr/bin/ld
lt_cv_path_LDCXX=/usr/bin/ld
lt_cv_path_NM='/usr/bin/nm -B'
lt_cv_path_SED=/bin/sed
lt_cv_prog_compiler_c_o=yes
lt_cv_prog_compiler_c_o_CXX=yes
lt_cv_prog_compiler_rtti_exceptions=no
lt_cv_prog_gnu_ld=yes
lt_cv_prog_gnu_ldcxx=yes
lt_cv_sys_global_symbol_pipe='sed -n -e '\''s/^.*[ 	]\([ABCDGIRSTW][ABCDGIRSTW]*\)[ 	][ 	]*\(\)\([_A-Za-z][_A-Za-z0-9]*\)$/\1 \2\3 \3/p'\'''
lt_cv_sys_global_symbol_to_c_name_address='sed -n -e '\''s/^: \([^ ]*\) $/  {\"\1\", (lt_ptr) 0},/p'\'' -e '\''s/^[BCDEGRST] \([^ ]*\) \([^ ]*\)$/  {"\2", (lt_ptr) \&\2},/p'\'''
lt_cv_sys_global_symbol_to_cdecl='sed -n -e '\''s/^. .* \(.*\)$/extern int \1;/p'\'''
lt_cv_sys_max_cmd_len=32768
lt_lt_cv_prog_compiler_c_o='"yes"'
lt_lt_cv_prog_compiler_c_o_CXX='"yes"'
lt_lt_cv_sys_global_symbol_pipe='"sed -n -e '\''s/^.*[ 	]\\([ABCDGIRSTW][ABCDGIRSTW]*\\)[ 	][ 	]*\\(\\)\\([_A-Za-z][_A-Za-z0-9]*\\)\$/\\1 \\2\\3 \\3/p'\''"'
lt_lt_cv_sys_global_symbol_to_c_name_address='"sed -n -e '\''s/^: \\([^ ]*\\) \$/  {\\\"\\1\\\", (lt_ptr) 0},/p'\'' -e '\''s/^[BCDEGRST] \\([^ ]*\\) \\([^ ]*\\)\$/  {\"\\2\", (lt_ptr) \\&\\2},/p'\''"'
lt_lt_cv_sys_global_symbol_to_cdecl='"sed -n -e '\''s/^. .* \\(.*\\)\$/extern int \\1;/p'\''"'
pkg_cv_PACKAGE_CFLAGS='-DXTHREADS -I/usr/include/gtk-2.0 -I/usr/lib/gtk-2.0/include -I/usr/X11R6/include -I/usr/include/atk-1.0 -I/usr/include/pango-1.0 -I/usr/include/freetype2 -I/usr/include/glib-2.0 -I/usr/lib/glib-2.0/include  '
pkg_cv_PACKAGE_LIBS='-lgtk-x11-2.0 -latk-1.0 -lgdk-x11-2.0 -lgdk_pixbuf-2.0 -lm -lpangoxft-1.0 -lpangox-1.0 -lpango-1.0 -lgobject-2.0 -lgmodule-2.0 -ldl -lglib-2.0  '

## ----------------- ##
## Output variables. ##
## ----------------- ##

ACLOCAL='aclocal-1.4'
AR='ar'
AUTOCONF='autoconf'
AUTOHEADER='autoheader'
AUTOMAKE='automake-1.4'
CATALOGS=''
CATOBJEXT='.gmo'
CC='gcc'
CFLAGS='-g -O2'
CPP='gcc -E'
CPPFLAGS=''
CXX='g++'
CXXCPP='g++ -E'
CXXFLAGS='-g -O2'
DATADIRNAME='share'
DEFS='-DHAVE_CONFIG_H'
ECHO='echo'
ECHO_C=''
ECHO_N='-n'
ECHO_T=''
EGREP='grep -E'
EXEEXT=''
F77=''
FFLAGS=''
GETTEXT_PACKAGE='Flysquid'
GMOFILES=''
GMSGFMT='/usr/bin/msgfmt'
INSTALL_DATA='${INSTALL} -m 644'
INSTALL_PROGRAM='${INSTALL}'
INSTALL_SCRIPT='${INSTALL}'
INSTOBJEXT='.mo'
INTLLIBS=''
LDFLAGS=''
LIBOBJS=''
LIBS=''
LIBTOOL='$(SHELL) $(top_builddir)/libtool'
LN_S='ln -s'
LTLIBOBJS=''
MAINT=''
MAINTAINER_MODE_FALSE='#'
MAINTAINER_MODE_TRUE=''
MAKEINFO='makeinfo'
MKINSTALLDIRS='./mkinstalldirs'
MSGFMT='/usr/bin/msgfmt'
NO_PREFIX_PACKAGE_DATA_DIR='share'
NO_PREFIX_PACKAGE_DOC_DIR='doc/Flysquid'
NO_PREFIX_PACKAGE_HELP_DIR='share/help'
NO_PREFIX_PACKAGE_MENU_DIR='share'
NO_PREFIX_PACKAGE_PIXMAPS_DIR='share/pixmaps'
OBJEXT='o'
PACKAGE='Flysquid'
PACKAGE_BUGREPORT=''
PACKAGE_CFLAGS='-DXTHREADS -I/usr/include/gtk-2.0 -I/usr/lib/gtk-2.0/include -I/usr/X11R6/include -I/usr/include/atk-1.0 -I/usr/include/pango-1.0 -I/usr/include/freetype2 -I/usr/include/glib-2.0 -I/usr/lib/glib-2.0/include  '
PACKAGE_DATA_DIR='/usr/local/share'
PACKAGE_DOC_DIR='/usr/local/doc/Flysquid'
PACKAGE_HELP_DIR='/usr/local/share/help'
PACKAGE_LIBS='-lgtk-x11-2.0 -latk-1.0 -lgdk-x11-2.0 -lgdk_pixbuf-2.0 -lm -lpangoxft-1.0 -lpangox-1.0 -lpango-1.0 -lgobject-2.0 -lgmodule-2.0 -ldl -lglib-2.0  '
PACKAGE_MENU_DIR='/usr/local/share'
PACKAGE_NAME=''
PACKAGE_PIXMAPS_DIR='/usr/local/share/pixmaps'
PACKAGE_STRING=''
PACKAGE_TARNAME=''
PACKAGE_VERSION=''
PATH_SEPARATOR=':'
PKG_CONFIG='/usr/bin/pkg-config'
POFILES=''
POSUB='po'
PO_IN_DATADIR_FALSE=''
PO_IN_DATADIR_TRUE=''
RANLIB='ranlib'
SET_MAKE=''
SHELL='/bin/sh'
STRIP='strip'
USE_NLS='yes'
VERSION='0.1'
XGETTEXT='/usr/bin/xgettext'
ac_ct_AR='ar'
ac_ct_CC='gcc'
ac_ct_CXX='g++'
ac_ct_F77=''
ac_ct_RANLIB='ranlib'
ac_ct_STRIP='strip'
ac_pt_PKG_CONFIG='/usr/bin/pkg-config'
bindir='${exec_prefix}/bin'
build='i686-pc-linux-gnu'
build_alias=''
build_cpu='i686'
build_os='linux-gnu'
build_vendor='pc'
datadir='${prefix}/share'
exec_prefix='${prefix}'
host='i686-pc-linux-gnu'
host_alias=''
host_cpu='i686'
host_os='linux-gnu'
host_vendor='pc'
includedir='${prefix}/include'
infodir='${prefix}/info'
libdir='${exec_prefix}/lib'
libexecdir='${exec_prefix}/libexec'
localstatedir='${prefix}/var'
mandir='${prefix}/man'
oldincludedir='/usr/include'
prefix='/usr/local'
program_transform_name='s,x,x,'
sbindir='${exec_prefix}/sbin'
sharedstatedir='${prefix}/com'
sysconfdir='${prefix}/etc'
target_alias=''

## ----------- ##
## confdefs.h. ##
## ----------- ##

#define ENABLE_NLS 1
#define GETTEXT_PACKAGE "Flysquid"
#define HAVE_BIND_TEXTDOMAIN_CODESET 1
#define HAVE_DCGETTEXT 1
#define HAVE_DLFCN_H 1
#define HAVE_GETTEXT 1
#define HAVE_INTTYPES_H 1
#define HAVE_LC_MESSAGES 1
#define HAVE_LOCALE_H 1
#define HAVE_MEMORY_H 1
#define HAVE_STDINT_H 1
#define HAVE_STDLIB_H 1
#define HAVE_STRINGS_H 1
#define HAVE_STRING_H 1
#define HAVE_SYS_STAT_H 1
#define HAVE_SYS_TYPES_H 1
#define HAVE_UNISTD_H 1
#define PACKAGE "Flysquid"
#define PACKAGE_BUGREPORT ""
#define PACKAGE_DATA_DIR "/usr/local/share"
#define PACKAGE_DOC_DIR "/usr/local/doc/Flysquid"
#define PACKAGE_HELP_DIR "/usr/local/share/help"
#define PACKAGE_LOCALE_DIR "/usr/local/share/locale"
#define PACKAGE_MENU_DIR "/usr/local/share"
#define PACKAGE_NAME ""
#define PACKAGE_PIXMAPS_DIR "/usr/local/share/pixmaps"
#define PACKAGE_SOURCE_DIR "/home/jeffrin/Projects/Flysquid"
#define PACKAGE_STRING ""
#define PACKAGE_TARNAME ""
#define PACKAGE_VERSION ""
#define STDC_HEADERS 1
#define VERSION "0.1"
#endif
#ifdef __cplusplus
extern "C" void std::exit (int) throw (); using std::exit;

configure: exit 0

## ---------------------- ##
## Running config.status. ##
## ---------------------- ##

This file was extended by config.status, which was
generated by GNU Autoconf 2.59.  Invocation command line was

  CONFIG_FILES    = src/Makefile
  CONFIG_HEADERS  = 
  CONFIG_LINKS    = 
  CONFIG_COMMANDS = 
  $ ./config.status 

on friend

config.status:769: creating src/Makefile
config.status:1129: executing default-1 commands
config.status:1129: executing default-2 commands

## ---------------------- ##
## Running config.status. ##
## ---------------------- ##

This file was extended by config.status, which was
generated by GNU Autoconf 2.59.  Invocation command line was

  CONFIG_FILES    = src/Makefile
  CONFIG_HEADERS  = 
  CONFIG_LINKS    = 
  CONFIG_COMMANDS = 
  $ ./config.status 

on friend

config.status:769: creating src/Makefile
config.status:1129: executing default-1 commands
config.status:1129: executing default-2 commands
